0 info it worked if it ends with ok
1 verbose cli [ '/home/matsuura/.nodebrew/node/v0.11.14/bin/node',
1 verbose cli   '/home/matsuura/.nodebrew/current/bin/npm',
1 verbose cli   'install' ]
2 info using npm@2.0.0
3 info using node@v0.11.14
4 warn package.json moshimoshi@0.0.1 No repository field.
5 verbose readDependencies using package.json deps
6 verbose install where, deps [ '/home/matsuura/git/moshimoshi',
6 verbose install   [ 'express',
6 verbose install     'body-parser',
6 verbose install     'cookie-parser',
6 verbose install     'morgan',
6 verbose install     'serve-favicon',
6 verbose install     'ejs',
6 verbose install     'stylus',
6 verbose install     'request',
6 verbose install     'coffee-script',
6 verbose install     'connect-coffee-script',
6 verbose install     'socket.io',
6 verbose install     'nodemon' ] ]
7 info preinstall moshimoshi@0.0.1
8 verbose readDependencies using package.json deps
9 verbose cache add [ 'express@4.9.0', null ]
10 verbose cache add spec="express@4.9.0" args=["express@4.9.0",null]
11 verbose parsed spec { raw: 'express@4.9.0',
11 verbose parsed spec   scope: null,
11 verbose parsed spec   name: 'express',
11 verbose parsed spec   rawSpec: '4.9.0',
11 verbose parsed spec   spec: '4.9.0',
11 verbose parsed spec   type: 'version' }
12 verbose cache add [ 'body-parser@~1.8.1', null ]
13 verbose cache add spec="body-parser@~1.8.1" args=["body-parser@~1.8.1",null]
14 verbose parsed spec { raw: 'body-parser@~1.8.1',
14 verbose parsed spec   scope: null,
14 verbose parsed spec   name: 'body-parser',
14 verbose parsed spec   rawSpec: '~1.8.1',
14 verbose parsed spec   spec: '>=1.8.1 <1.9.0',
14 verbose parsed spec   type: 'range' }
15 verbose cache add [ 'cookie-parser@~1.3.3', null ]
16 verbose cache add spec="cookie-parser@~1.3.3" args=["cookie-parser@~1.3.3",null]
17 verbose parsed spec { raw: 'cookie-parser@~1.3.3',
17 verbose parsed spec   scope: null,
17 verbose parsed spec   name: 'cookie-parser',
17 verbose parsed spec   rawSpec: '~1.3.3',
17 verbose parsed spec   spec: '>=1.3.3 <1.4.0',
17 verbose parsed spec   type: 'range' }
18 verbose cache add [ 'morgan@~1.3.0', null ]
19 verbose cache add spec="morgan@~1.3.0" args=["morgan@~1.3.0",null]
20 verbose parsed spec { raw: 'morgan@~1.3.0',
20 verbose parsed spec   scope: null,
20 verbose parsed spec   name: 'morgan',
20 verbose parsed spec   rawSpec: '~1.3.0',
20 verbose parsed spec   spec: '>=1.3.0 <1.4.0',
20 verbose parsed spec   type: 'range' }
21 verbose cache add [ 'serve-favicon@~2.1.3', null ]
22 verbose cache add spec="serve-favicon@~2.1.3" args=["serve-favicon@~2.1.3",null]
23 verbose parsed spec { raw: 'serve-favicon@~2.1.3',
23 verbose parsed spec   scope: null,
23 verbose parsed spec   name: 'serve-favicon',
23 verbose parsed spec   rawSpec: '~2.1.3',
23 verbose parsed spec   spec: '>=2.1.3 <2.2.0',
23 verbose parsed spec   type: 'range' }
24 verbose cache add [ 'ejs@0.8.5', null ]
25 verbose cache add spec="ejs@0.8.5" args=["ejs@0.8.5",null]
26 verbose parsed spec { raw: 'ejs@0.8.5',
26 verbose parsed spec   scope: null,
26 verbose parsed spec   name: 'ejs',
26 verbose parsed spec   rawSpec: '0.8.5',
26 verbose parsed spec   spec: '0.8.5',
26 verbose parsed spec   type: 'version' }
27 verbose cache add [ 'stylus@0.42.3', null ]
28 verbose cache add spec="stylus@0.42.3" args=["stylus@0.42.3",null]
29 verbose parsed spec { raw: 'stylus@0.42.3',
29 verbose parsed spec   scope: null,
29 verbose parsed spec   name: 'stylus',
29 verbose parsed spec   rawSpec: '0.42.3',
29 verbose parsed spec   spec: '0.42.3',
29 verbose parsed spec   type: 'version' }
30 verbose cache add [ 'request@*', null ]
31 verbose cache add spec="request@*" args=["request@*",null]
32 verbose parsed spec { raw: 'request@*',
32 verbose parsed spec   scope: null,
32 verbose parsed spec   name: 'request',
32 verbose parsed spec   rawSpec: '*',
32 verbose parsed spec   spec: '*',
32 verbose parsed spec   type: 'range' }
33 verbose cache add [ 'coffee-script@*', null ]
34 verbose cache add spec="coffee-script@*" args=["coffee-script@*",null]
35 verbose parsed spec { raw: 'coffee-script@*',
35 verbose parsed spec   scope: null,
35 verbose parsed spec   name: 'coffee-script',
35 verbose parsed spec   rawSpec: '*',
35 verbose parsed spec   spec: '*',
35 verbose parsed spec   type: 'range' }
36 verbose cache add [ 'connect-coffee-script@0.2.0', null ]
37 verbose cache add spec="connect-coffee-script@0.2.0" args=["connect-coffee-script@0.2.0",null]
38 verbose parsed spec { raw: 'connect-coffee-script@0.2.0',
38 verbose parsed spec   scope: null,
38 verbose parsed spec   name: 'connect-coffee-script',
38 verbose parsed spec   rawSpec: '0.2.0',
38 verbose parsed spec   spec: '0.2.0',
38 verbose parsed spec   type: 'version' }
39 verbose cache add [ 'socket.io@1.1.0', null ]
40 verbose cache add spec="socket.io@1.1.0" args=["socket.io@1.1.0",null]
41 verbose parsed spec { raw: 'socket.io@1.1.0',
41 verbose parsed spec   scope: null,
41 verbose parsed spec   name: 'socket.io',
41 verbose parsed spec   rawSpec: '1.1.0',
41 verbose parsed spec   spec: '1.1.0',
41 verbose parsed spec   type: 'version' }
42 verbose cache add [ 'nodemon@1.2.1', null ]
43 verbose cache add spec="nodemon@1.2.1" args=["nodemon@1.2.1",null]
44 verbose parsed spec { raw: 'nodemon@1.2.1',
44 verbose parsed spec   scope: null,
44 verbose parsed spec   name: 'nodemon',
44 verbose parsed spec   rawSpec: '1.2.1',
44 verbose parsed spec   spec: '1.2.1',
44 verbose parsed spec   type: 'version' }
45 verbose parsed spec { raw: 'express@4.9.0',
45 verbose parsed spec   scope: null,
45 verbose parsed spec   name: 'express',
45 verbose parsed spec   rawSpec: '4.9.0',
45 verbose parsed spec   spec: '4.9.0',
45 verbose parsed spec   type: 'version' }
46 verbose addNamed [ 'express', '4.9.0' ]
47 verbose addNamed [ '4.9.0', '4.9.0' ]
48 verbose parsed spec { raw: 'body-parser@~1.8.1',
48 verbose parsed spec   scope: null,
48 verbose parsed spec   name: 'body-parser',
48 verbose parsed spec   rawSpec: '~1.8.1',
48 verbose parsed spec   spec: '>=1.8.1 <1.9.0',
48 verbose parsed spec   type: 'range' }
49 verbose addNamed [ 'body-parser', '>=1.8.1 <1.9.0' ]
50 verbose addNamed [ null, '>=1.8.1 <1.9.0' ]
51 verbose parsed spec { raw: 'cookie-parser@~1.3.3',
51 verbose parsed spec   scope: null,
51 verbose parsed spec   name: 'cookie-parser',
51 verbose parsed spec   rawSpec: '~1.3.3',
51 verbose parsed spec   spec: '>=1.3.3 <1.4.0',
51 verbose parsed spec   type: 'range' }
52 verbose addNamed [ 'cookie-parser', '>=1.3.3 <1.4.0' ]
53 verbose addNamed [ null, '>=1.3.3 <1.4.0' ]
54 verbose parsed spec { raw: 'morgan@~1.3.0',
54 verbose parsed spec   scope: null,
54 verbose parsed spec   name: 'morgan',
54 verbose parsed spec   rawSpec: '~1.3.0',
54 verbose parsed spec   spec: '>=1.3.0 <1.4.0',
54 verbose parsed spec   type: 'range' }
55 verbose addNamed [ 'morgan', '>=1.3.0 <1.4.0' ]
56 verbose addNamed [ null, '>=1.3.0 <1.4.0' ]
57 verbose parsed spec { raw: 'serve-favicon@~2.1.3',
57 verbose parsed spec   scope: null,
57 verbose parsed spec   name: 'serve-favicon',
57 verbose parsed spec   rawSpec: '~2.1.3',
57 verbose parsed spec   spec: '>=2.1.3 <2.2.0',
57 verbose parsed spec   type: 'range' }
58 verbose addNamed [ 'serve-favicon', '>=2.1.3 <2.2.0' ]
59 verbose addNamed [ null, '>=2.1.3 <2.2.0' ]
60 verbose parsed spec { raw: 'ejs@0.8.5',
60 verbose parsed spec   scope: null,
60 verbose parsed spec   name: 'ejs',
60 verbose parsed spec   rawSpec: '0.8.5',
60 verbose parsed spec   spec: '0.8.5',
60 verbose parsed spec   type: 'version' }
61 verbose addNamed [ 'ejs', '0.8.5' ]
62 verbose addNamed [ '0.8.5', '0.8.5' ]
63 verbose parsed spec { raw: 'stylus@0.42.3',
63 verbose parsed spec   scope: null,
63 verbose parsed spec   name: 'stylus',
63 verbose parsed spec   rawSpec: '0.42.3',
63 verbose parsed spec   spec: '0.42.3',
63 verbose parsed spec   type: 'version' }
64 verbose addNamed [ 'stylus', '0.42.3' ]
65 verbose addNamed [ '0.42.3', '0.42.3' ]
66 verbose parsed spec { raw: 'request@*',
66 verbose parsed spec   scope: null,
66 verbose parsed spec   name: 'request',
66 verbose parsed spec   rawSpec: '*',
66 verbose parsed spec   spec: '*',
66 verbose parsed spec   type: 'range' }
67 verbose addNamed [ 'request', '*' ]
68 verbose addNamed [ null, '*' ]
69 verbose parsed spec { raw: 'coffee-script@*',
69 verbose parsed spec   scope: null,
69 verbose parsed spec   name: 'coffee-script',
69 verbose parsed spec   rawSpec: '*',
69 verbose parsed spec   spec: '*',
69 verbose parsed spec   type: 'range' }
70 verbose addNamed [ 'coffee-script', '*' ]
71 verbose addNamed [ null, '*' ]
72 verbose parsed spec { raw: 'connect-coffee-script@0.2.0',
72 verbose parsed spec   scope: null,
72 verbose parsed spec   name: 'connect-coffee-script',
72 verbose parsed spec   rawSpec: '0.2.0',
72 verbose parsed spec   spec: '0.2.0',
72 verbose parsed spec   type: 'version' }
73 verbose addNamed [ 'connect-coffee-script', '0.2.0' ]
74 verbose addNamed [ '0.2.0', '0.2.0' ]
75 verbose parsed spec { raw: 'socket.io@1.1.0',
75 verbose parsed spec   scope: null,
75 verbose parsed spec   name: 'socket.io',
75 verbose parsed spec   rawSpec: '1.1.0',
75 verbose parsed spec   spec: '1.1.0',
75 verbose parsed spec   type: 'version' }
76 verbose addNamed [ 'socket.io', '1.1.0' ]
77 verbose addNamed [ '1.1.0', '1.1.0' ]
78 verbose parsed spec { raw: 'nodemon@1.2.1',
78 verbose parsed spec   scope: null,
78 verbose parsed spec   name: 'nodemon',
78 verbose parsed spec   rawSpec: '1.2.1',
78 verbose parsed spec   spec: '1.2.1',
78 verbose parsed spec   type: 'version' }
79 verbose addNamed [ 'nodemon', '1.2.1' ]
80 verbose addNamed [ '1.2.1', '1.2.1' ]
81 silly lockFile cfab4758-express-4-9-0 express@4.9.0
82 verbose lock express@4.9.0 /home/matsuura/.npm/cfab4758-express-4-9-0.lock
83 silly lockFile 907d1bb4-body-parser-1-8-1-1-9-0 body-parser@>=1.8.1 <1.9.0
84 verbose lock body-parser@>=1.8.1 <1.9.0 /home/matsuura/.npm/907d1bb4-body-parser-1-8-1-1-9-0.lock
85 silly lockFile 9c8e0386-cookie-parser-1-3-3-1-4-0 cookie-parser@>=1.3.3 <1.4.0
86 verbose lock cookie-parser@>=1.3.3 <1.4.0 /home/matsuura/.npm/9c8e0386-cookie-parser-1-3-3-1-4-0.lock
87 silly lockFile ae57dbe4-morgan-1-3-0-1-4-0 morgan@>=1.3.0 <1.4.0
88 verbose lock morgan@>=1.3.0 <1.4.0 /home/matsuura/.npm/ae57dbe4-morgan-1-3-0-1-4-0.lock
89 silly lockFile 9f9354cd-serve-favicon-2-1-3-2-2-0 serve-favicon@>=2.1.3 <2.2.0
90 verbose lock serve-favicon@>=2.1.3 <2.2.0 /home/matsuura/.npm/9f9354cd-serve-favicon-2-1-3-2-2-0.lock
91 silly lockFile c36c003a-ejs-0-8-5 ejs@0.8.5
92 verbose lock ejs@0.8.5 /home/matsuura/.npm/c36c003a-ejs-0-8-5.lock
93 silly lockFile fb5b2923-stylus-0-42-3 stylus@0.42.3
94 verbose lock stylus@0.42.3 /home/matsuura/.npm/fb5b2923-stylus-0-42-3.lock
95 silly lockFile a4c2c8dc-request request@*
96 verbose lock request@* /home/matsuura/.npm/a4c2c8dc-request.lock
97 silly lockFile 7281919f-coffee-script coffee-script@*
98 verbose lock coffee-script@* /home/matsuura/.npm/7281919f-coffee-script.lock
99 silly lockFile c4e8e694-connect-coffee-script-0-2-0 connect-coffee-script@0.2.0
100 verbose lock connect-coffee-script@0.2.0 /home/matsuura/.npm/c4e8e694-connect-coffee-script-0-2-0.lock
101 silly lockFile 8bfafe15-socket-io-1-1-0 socket.io@1.1.0
102 verbose lock socket.io@1.1.0 /home/matsuura/.npm/8bfafe15-socket-io-1-1-0.lock
103 silly lockFile 891e98f0-nodemon-1-2-1 nodemon@1.2.1
104 verbose lock nodemon@1.2.1 /home/matsuura/.npm/891e98f0-nodemon-1-2-1.lock
105 verbose mapToRegistry name express
106 verbose mapToRegistry uri https://registry.npmjs.org/express
107 silly addNameRange { name: 'body-parser', range: '>=1.8.1 <1.9.0', hasData: false }
108 verbose mapToRegistry name body-parser
109 verbose mapToRegistry uri https://registry.npmjs.org/body-parser
110 silly addNameRange { name: 'cookie-parser',
110 silly addNameRange   range: '>=1.3.3 <1.4.0',
110 silly addNameRange   hasData: false }
111 verbose mapToRegistry name cookie-parser
112 verbose mapToRegistry uri https://registry.npmjs.org/cookie-parser
113 silly addNameRange { name: 'morgan', range: '>=1.3.0 <1.4.0', hasData: false }
114 verbose mapToRegistry name morgan
115 verbose mapToRegistry uri https://registry.npmjs.org/morgan
116 silly addNameRange { name: 'serve-favicon',
116 silly addNameRange   range: '>=2.1.3 <2.2.0',
116 silly addNameRange   hasData: false }
117 verbose mapToRegistry name serve-favicon
118 verbose mapToRegistry uri https://registry.npmjs.org/serve-favicon
119 verbose mapToRegistry name ejs
120 verbose mapToRegistry uri https://registry.npmjs.org/ejs
121 verbose mapToRegistry name stylus
122 verbose mapToRegistry uri https://registry.npmjs.org/stylus
123 silly addNameRange { name: 'request', range: '*', hasData: false }
124 verbose mapToRegistry name request
125 verbose mapToRegistry uri https://registry.npmjs.org/request
126 silly addNameRange { name: 'coffee-script', range: '*', hasData: false }
127 verbose mapToRegistry name coffee-script
128 verbose mapToRegistry uri https://registry.npmjs.org/coffee-script
129 verbose mapToRegistry name connect-coffee-script
130 verbose mapToRegistry uri https://registry.npmjs.org/connect-coffee-script
131 verbose mapToRegistry name socket.io
132 verbose mapToRegistry uri https://registry.npmjs.org/socket.io
133 verbose mapToRegistry name nodemon
134 verbose mapToRegistry uri https://registry.npmjs.org/nodemon
135 verbose request on initialization, where is /express
136 verbose request after pass 1, where is /express
137 verbose request url raw /express
138 verbose request resolving registry [ 'https://registry.npmjs.org/', './express' ]
139 verbose request after pass 2, where is https://registry.npmjs.org/express
140 verbose request no auth needed
141 info attempt registry request try #1 at 23:24:36
142 verbose request id 7c669288f7546750
143 http request GET https://registry.npmjs.org/express
144 verbose request on initialization, where is /body-parser
145 verbose request after pass 1, where is /body-parser
146 verbose request url raw /body-parser
147 verbose request resolving registry [ 'https://registry.npmjs.org/', './body-parser' ]
148 verbose request after pass 2, where is https://registry.npmjs.org/body-parser
149 verbose request no auth needed
150 info attempt registry request try #1 at 23:24:36
151 http request GET https://registry.npmjs.org/body-parser
152 verbose request on initialization, where is /cookie-parser
153 verbose request after pass 1, where is /cookie-parser
154 verbose request url raw /cookie-parser
155 verbose request resolving registry [ 'https://registry.npmjs.org/', './cookie-parser' ]
156 verbose request after pass 2, where is https://registry.npmjs.org/cookie-parser
157 verbose request no auth needed
158 info attempt registry request try #1 at 23:24:36
159 http request GET https://registry.npmjs.org/cookie-parser
160 verbose request on initialization, where is /morgan
161 verbose request after pass 1, where is /morgan
162 verbose request url raw /morgan
163 verbose request resolving registry [ 'https://registry.npmjs.org/', './morgan' ]
164 verbose request after pass 2, where is https://registry.npmjs.org/morgan
165 verbose request no auth needed
166 info attempt registry request try #1 at 23:24:36
167 http request GET https://registry.npmjs.org/morgan
168 verbose request on initialization, where is /serve-favicon
169 verbose request after pass 1, where is /serve-favicon
170 verbose request url raw /serve-favicon
171 verbose request resolving registry [ 'https://registry.npmjs.org/', './serve-favicon' ]
172 verbose request after pass 2, where is https://registry.npmjs.org/serve-favicon
173 verbose request no auth needed
174 info attempt registry request try #1 at 23:24:36
175 http request GET https://registry.npmjs.org/serve-favicon
176 verbose request on initialization, where is /ejs
177 verbose request after pass 1, where is /ejs
178 verbose request url raw /ejs
179 verbose request resolving registry [ 'https://registry.npmjs.org/', './ejs' ]
180 verbose request after pass 2, where is https://registry.npmjs.org/ejs
181 verbose request no auth needed
182 info attempt registry request try #1 at 23:24:36
183 http request GET https://registry.npmjs.org/ejs
184 verbose request on initialization, where is /stylus
185 verbose request after pass 1, where is /stylus
186 verbose request url raw /stylus
187 verbose request resolving registry [ 'https://registry.npmjs.org/', './stylus' ]
188 verbose request after pass 2, where is https://registry.npmjs.org/stylus
189 verbose request no auth needed
190 info attempt registry request try #1 at 23:24:36
191 http request GET https://registry.npmjs.org/stylus
192 verbose request on initialization, where is /request
193 verbose request after pass 1, where is /request
194 verbose request url raw /request
195 verbose request resolving registry [ 'https://registry.npmjs.org/', './request' ]
196 verbose request after pass 2, where is https://registry.npmjs.org/request
197 verbose request no auth needed
198 info attempt registry request try #1 at 23:24:36
199 http request GET https://registry.npmjs.org/request
200 verbose request on initialization, where is /coffee-script
201 verbose request after pass 1, where is /coffee-script
202 verbose request url raw /coffee-script
203 verbose request resolving registry [ 'https://registry.npmjs.org/', './coffee-script' ]
204 verbose request after pass 2, where is https://registry.npmjs.org/coffee-script
205 verbose request no auth needed
206 info attempt registry request try #1 at 23:24:36
207 http request GET https://registry.npmjs.org/coffee-script
208 verbose request on initialization, where is /connect-coffee-script
209 verbose request after pass 1, where is /connect-coffee-script
210 verbose request url raw /connect-coffee-script
211 verbose request resolving registry [ 'https://registry.npmjs.org/', './connect-coffee-script' ]
212 verbose request after pass 2, where is https://registry.npmjs.org/connect-coffee-script
213 verbose request no auth needed
214 info attempt registry request try #1 at 23:24:36
215 http request GET https://registry.npmjs.org/connect-coffee-script
216 verbose request on initialization, where is /socket.io
217 verbose request after pass 1, where is /socket.io
218 verbose request url raw /socket.io
219 verbose request resolving registry [ 'https://registry.npmjs.org/', './socket.io' ]
220 verbose request after pass 2, where is https://registry.npmjs.org/socket.io
221 verbose request no auth needed
222 info attempt registry request try #1 at 23:24:36
223 http request GET https://registry.npmjs.org/socket.io
224 verbose request on initialization, where is /nodemon
225 verbose request after pass 1, where is /nodemon
226 verbose request url raw /nodemon
227 verbose request resolving registry [ 'https://registry.npmjs.org/', './nodemon' ]
228 verbose request after pass 2, where is https://registry.npmjs.org/nodemon
229 verbose request no auth needed
230 info attempt registry request try #1 at 23:24:36
231 http request GET https://registry.npmjs.org/nodemon
232 info retry will retry, error on last attempt: Error: tunneling socket could not be established, cause=write EPROTO 140272253925248:error:140770FC:SSL routines:SSL23_GET_SERVER_HELLO:unknown protocol:../deps/openssl/openssl/ssl/s23_clnt.c:787:
233 info retry will retry, error on last attempt: Error: tunneling socket could not be established, cause=write EPROTO 140272253925248:error:140770FC:SSL routines:SSL23_GET_SERVER_HELLO:unknown protocol:../deps/openssl/openssl/ssl/s23_clnt.c:787:
234 info retry will retry, error on last attempt: Error: tunneling socket could not be established, cause=write EPROTO 140272253925248:error:140770FC:SSL routines:SSL23_GET_SERVER_HELLO:unknown protocol:../deps/openssl/openssl/ssl/s23_clnt.c:787:
235 info retry will retry, error on last attempt: Error: tunneling socket could not be established, cause=write EPROTO 140272253925248:error:140770FC:SSL routines:SSL23_GET_SERVER_HELLO:unknown protocol:../deps/openssl/openssl/ssl/s23_clnt.c:787:
236 info retry will retry, error on last attempt: Error: tunneling socket could not be established, cause=write EPROTO 140272253925248:error:140770FC:SSL routines:SSL23_GET_SERVER_HELLO:unknown protocol:../deps/openssl/openssl/ssl/s23_clnt.c:787:
237 info retry will retry, error on last attempt: Error: tunneling socket could not be established, cause=write EPROTO 140272253925248:error:140770FC:SSL routines:SSL23_GET_SERVER_HELLO:unknown protocol:../deps/openssl/openssl/ssl/s23_clnt.c:787:
238 info retry will retry, error on last attempt: Error: tunneling socket could not be established, cause=write EPROTO 140272253925248:error:140770FC:SSL routines:SSL23_GET_SERVER_HELLO:unknown protocol:../deps/openssl/openssl/ssl/s23_clnt.c:787:
239 info retry will retry, error on last attempt: Error: tunneling socket could not be established, cause=write EPROTO 140272253925248:error:140770FC:SSL routines:SSL23_GET_SERVER_HELLO:unknown protocol:../deps/openssl/openssl/ssl/s23_clnt.c:787:
240 info retry will retry, error on last attempt: Error: tunneling socket could not be established, cause=write EPROTO 140272253925248:error:140770FC:SSL routines:SSL23_GET_SERVER_HELLO:unknown protocol:../deps/openssl/openssl/ssl/s23_clnt.c:787:
241 info retry will retry, error on last attempt: Error: tunneling socket could not be established, cause=write EPROTO 140272253925248:error:140770FC:SSL routines:SSL23_GET_SERVER_HELLO:unknown protocol:../deps/openssl/openssl/ssl/s23_clnt.c:787:
242 info retry will retry, error on last attempt: Error: tunneling socket could not be established, cause=write EPROTO 140272253925248:error:140770FC:SSL routines:SSL23_GET_SERVER_HELLO:unknown protocol:../deps/openssl/openssl/ssl/s23_clnt.c:787:
243 info retry will retry, error on last attempt: Error: tunneling socket could not be established, cause=write EPROTO 140272253925248:error:140770FC:SSL routines:SSL23_GET_SERVER_HELLO:unknown protocol:../deps/openssl/openssl/ssl/s23_clnt.c:787:
244 info attempt registry request try #2 at 23:24:46
245 http request GET https://registry.npmjs.org/express
246 info attempt registry request try #2 at 23:24:46
247 http request GET https://registry.npmjs.org/body-parser
248 info attempt registry request try #2 at 23:24:46
249 http request GET https://registry.npmjs.org/cookie-parser
250 info attempt registry request try #2 at 23:24:46
251 http request GET https://registry.npmjs.org/morgan
252 info attempt registry request try #2 at 23:24:46
253 http request GET https://registry.npmjs.org/serve-favicon
254 info attempt registry request try #2 at 23:24:46
255 http request GET https://registry.npmjs.org/ejs
256 info attempt registry request try #2 at 23:24:46
257 http request GET https://registry.npmjs.org/stylus
258 info attempt registry request try #2 at 23:24:46
259 http request GET https://registry.npmjs.org/request
260 info attempt registry request try #2 at 23:24:46
261 http request GET https://registry.npmjs.org/coffee-script
262 info attempt registry request try #2 at 23:24:46
263 http request GET https://registry.npmjs.org/connect-coffee-script
264 info attempt registry request try #2 at 23:24:46
265 http request GET https://registry.npmjs.org/socket.io
266 info attempt registry request try #2 at 23:24:46
267 http request GET https://registry.npmjs.org/nodemon
268 info retry will retry, error on last attempt: Error: tunneling socket could not be established, cause=write EPROTO 140272253925248:error:140770FC:SSL routines:SSL23_GET_SERVER_HELLO:unknown protocol:../deps/openssl/openssl/ssl/s23_clnt.c:787:
269 info retry will retry, error on last attempt: Error: tunneling socket could not be established, cause=write EPROTO 140272253925248:error:140770FC:SSL routines:SSL23_GET_SERVER_HELLO:unknown protocol:../deps/openssl/openssl/ssl/s23_clnt.c:787:
270 info retry will retry, error on last attempt: Error: tunneling socket could not be established, cause=write EPROTO 140272253925248:error:140770FC:SSL routines:SSL23_GET_SERVER_HELLO:unknown protocol:../deps/openssl/openssl/ssl/s23_clnt.c:787:
271 info retry will retry, error on last attempt: Error: tunneling socket could not be established, cause=write EPROTO 140272253925248:error:140770FC:SSL routines:SSL23_GET_SERVER_HELLO:unknown protocol:../deps/openssl/openssl/ssl/s23_clnt.c:787:
272 info retry will retry, error on last attempt: Error: tunneling socket could not be established, cause=write EPROTO 140272253925248:error:140770FC:SSL routines:SSL23_GET_SERVER_HELLO:unknown protocol:../deps/openssl/openssl/ssl/s23_clnt.c:787:
273 info retry will retry, error on last attempt: Error: tunneling socket could not be established, cause=write EPROTO 140272253925248:error:140770FC:SSL routines:SSL23_GET_SERVER_HELLO:unknown protocol:../deps/openssl/openssl/ssl/s23_clnt.c:787:
274 info retry will retry, error on last attempt: Error: tunneling socket could not be established, cause=write EPROTO 140272253925248:error:140770FC:SSL routines:SSL23_GET_SERVER_HELLO:unknown protocol:../deps/openssl/openssl/ssl/s23_clnt.c:787:
275 info retry will retry, error on last attempt: Error: tunneling socket could not be established, cause=write EPROTO 140272253925248:error:140770FC:SSL routines:SSL23_GET_SERVER_HELLO:unknown protocol:../deps/openssl/openssl/ssl/s23_clnt.c:787:
276 info retry will retry, error on last attempt: Error: tunneling socket could not be established, cause=write EPROTO 140272253925248:error:140770FC:SSL routines:SSL23_GET_SERVER_HELLO:unknown protocol:../deps/openssl/openssl/ssl/s23_clnt.c:787:
277 info retry will retry, error on last attempt: Error: tunneling socket could not be established, cause=write EPROTO 140272253925248:error:140770FC:SSL routines:SSL23_GET_SERVER_HELLO:unknown protocol:../deps/openssl/openssl/ssl/s23_clnt.c:787:
278 info retry will retry, error on last attempt: Error: tunneling socket could not be established, cause=write EPROTO 140272253925248:error:140770FC:SSL routines:SSL23_GET_SERVER_HELLO:unknown protocol:../deps/openssl/openssl/ssl/s23_clnt.c:787:
279 info retry will retry, error on last attempt: Error: tunneling socket could not be established, cause=write EPROTO 140272253925248:error:140770FC:SSL routines:SSL23_GET_SERVER_HELLO:unknown protocol:../deps/openssl/openssl/ssl/s23_clnt.c:787:
280 info attempt registry request try #3 at 23:25:46
281 http request GET https://registry.npmjs.org/express
282 info attempt registry request try #3 at 23:25:46
283 http request GET https://registry.npmjs.org/body-parser
284 info attempt registry request try #3 at 23:25:46
285 http request GET https://registry.npmjs.org/cookie-parser
286 info attempt registry request try #3 at 23:25:46
287 http request GET https://registry.npmjs.org/request
288 info attempt registry request try #3 at 23:25:46
289 http request GET https://registry.npmjs.org/stylus
290 info attempt registry request try #3 at 23:25:46
291 http request GET https://registry.npmjs.org/morgan
292 info attempt registry request try #3 at 23:25:46
293 http request GET https://registry.npmjs.org/serve-favicon
294 info attempt registry request try #3 at 23:25:46
295 http request GET https://registry.npmjs.org/ejs
296 info attempt registry request try #3 at 23:25:46
297 http request GET https://registry.npmjs.org/socket.io
298 info attempt registry request try #3 at 23:25:46
299 http request GET https://registry.npmjs.org/coffee-script
300 info attempt registry request try #3 at 23:25:46
301 http request GET https://registry.npmjs.org/connect-coffee-script
302 info attempt registry request try #3 at 23:25:46
303 http request GET https://registry.npmjs.org/nodemon
304 silly lockFile 907d1bb4-body-parser-1-8-1-1-9-0 body-parser@>=1.8.1 <1.9.0
305 silly lockFile 907d1bb4-body-parser-1-8-1-1-9-0 body-parser@>=1.8.1 <1.9.0
306 silly lockFile cfab4758-express-4-9-0 express@4.9.0
307 silly lockFile cfab4758-express-4-9-0 express@4.9.0
308 silly lockFile 9c8e0386-cookie-parser-1-3-3-1-4-0 cookie-parser@>=1.3.3 <1.4.0
309 silly lockFile 9c8e0386-cookie-parser-1-3-3-1-4-0 cookie-parser@>=1.3.3 <1.4.0
310 silly lockFile a4c2c8dc-request request@*
311 silly lockFile a4c2c8dc-request request@*
312 silly lockFile fb5b2923-stylus-0-42-3 stylus@0.42.3
313 silly lockFile fb5b2923-stylus-0-42-3 stylus@0.42.3
314 silly lockFile ae57dbe4-morgan-1-3-0-1-4-0 morgan@>=1.3.0 <1.4.0
315 silly lockFile ae57dbe4-morgan-1-3-0-1-4-0 morgan@>=1.3.0 <1.4.0
316 silly lockFile 9f9354cd-serve-favicon-2-1-3-2-2-0 serve-favicon@>=2.1.3 <2.2.0
317 silly lockFile 9f9354cd-serve-favicon-2-1-3-2-2-0 serve-favicon@>=2.1.3 <2.2.0
318 silly lockFile c36c003a-ejs-0-8-5 ejs@0.8.5
319 silly lockFile c36c003a-ejs-0-8-5 ejs@0.8.5
320 silly lockFile 7281919f-coffee-script coffee-script@*
321 silly lockFile 7281919f-coffee-script coffee-script@*
322 silly lockFile c4e8e694-connect-coffee-script-0-2-0 connect-coffee-script@0.2.0
323 silly lockFile c4e8e694-connect-coffee-script-0-2-0 connect-coffee-script@0.2.0
324 silly lockFile 891e98f0-nodemon-1-2-1 nodemon@1.2.1
325 silly lockFile 891e98f0-nodemon-1-2-1 nodemon@1.2.1
326 silly lockFile 8bfafe15-socket-io-1-1-0 socket.io@1.1.0
327 silly lockFile 8bfafe15-socket-io-1-1-0 socket.io@1.1.0
328 verbose stack Error: tunneling socket could not be established, cause=write EPROTO 140272253925248:error:140770FC:SSL routines:SSL23_GET_SERVER_HELLO:unknown protocol:../deps/openssl/openssl/ssl/s23_clnt.c:787:
328 verbose stack
328 verbose stack     at ClientRequest.onError (/home/matsuura/.nodebrew/node/v0.11.14/lib/node_modules/npm/node_modules/request/node_modules/tunnel-agent/index.js:168:17)
328 verbose stack     at ClientRequest.g (events.js:199:16)
328 verbose stack     at ClientRequest.emit (events.js:107:17)
328 verbose stack     at TLSSocket.socketErrorListener (_http_client.js:271:9)
328 verbose stack     at TLSSocket.emit (events.js:129:20)
328 verbose stack     at onwriteError (_stream_writable.js:281:10)
328 verbose stack     at onwrite (_stream_writable.js:299:5)
328 verbose stack     at WritableState.onwrite (_stream_writable.js:103:5)
328 verbose stack     at fireErrorCallbacks (net.js:433:13)
328 verbose stack     at TLSSocket.Socket._destroy (net.js:471:3)
329 verbose cwd /home/matsuura/git/moshimoshi
330 error Linux 3.13.0-37-generic
331 error argv "/home/matsuura/.nodebrew/node/v0.11.14/bin/node" "/home/matsuura/.nodebrew/current/bin/npm" "install"
332 error node v0.11.14
333 error npm  v2.0.0
334 error code ECONNRESET
335 error network tunneling socket could not be established, cause=write EPROTO 140272253925248:error:140770FC:SSL routines:SSL23_GET_SERVER_HELLO:unknown protocol:../deps/openssl/openssl/ssl/s23_clnt.c:787:
335 error network
335 error network This is most likely not a problem with npm itself
335 error network and is related to network connectivity.
335 error network In most cases you are behind a proxy or have bad network settings.
335 error network
335 error network If you are behind a proxy, please make sure that the
335 error network 'proxy' config is set properly.  See: 'npm help config'
336 verbose exit [ 1, true ]
